d:\enti\enti_3ero 2ndo sem\tootytooty\tootytooty\tootytootypointandshooty\socketlib\debug\socketlib.pdb
d:\enti\enti_3ero 2ndo sem\tootytooty\tootytooty\tootytootypointandshooty\socketlib\debug\socketlib.idb
d:\enti\enti_3ero 2ndo sem\tootytooty\tootytooty\tootytootypointandshooty\socketlib\debug\genericsocket.obj
d:\enti\enti_3ero 2ndo sem\tootytooty\tootytooty\tootytootypointandshooty\socketlib\debug\socketaddress.obj
d:\enti\enti_3ero 2ndo sem\tootytooty\tootytooty\tootytootypointandshooty\socketlib\debug\sockettools.obj
d:\enti\enti_3ero 2ndo sem\tootytooty\tootytooty\tootytootypointandshooty\socketlib\debug\tcpsocket.obj
d:\enti\enti_3ero 2ndo sem\tootytooty\tootytooty\tootytootypointandshooty\socketlib\debug\udpsocket.obj
c:\users\egimenez\desktop\enti\2ndosem\carlosproject\tootytooty\tootytootypointandshooty\socketlib\debug\socketlib.pdb
c:\users\egimenez\desktop\enti\2ndosem\carlosproject\tootytooty\tootytootypointandshooty\socketlib\debug\socketlib.idb
c:\users\egimenez\desktop\enti\2ndosem\carlosproject\tootytooty\tootytootypointandshooty\socketlib\debug\genericsocket.obj
c:\users\egimenez\desktop\enti\2ndosem\carlosproject\tootytooty\tootytootypointandshooty\socketlib\debug\socketaddress.obj
c:\users\egimenez\desktop\enti\2ndosem\carlosproject\tootytooty\tootytootypointandshooty\socketlib\debug\sockettools.obj
c:\users\egimenez\desktop\enti\2ndosem\carlosproject\tootytooty\tootytootypointandshooty\socketlib\debug\tcpsocket.obj
c:\users\egimenez\desktop\enti\2ndosem\carlosproject\tootytooty\tootytootypointandshooty\socketlib\debug\udpsocket.obj
d:\enti\enti_3ero 2ndo sem\tootytooty\tootytooty\tootytootypointandshooty\debug\socketlib.lib
c:\users\egimenez\desktop\enti\2ndosem\carlosproject\tootytooty\tootytootypointandshooty\debug\socketlib.lib
c:\users\egimenez\desktop\enti\2ndosem\carlosproject\tootytooty\tootytootypointandshooty\debug\socketlib.pdb
c:\users\egimenez\desktop\enti\2ndosem\carlosproject\tootytooty\tootytootypointandshooty\socketlib\debug\socketlib.tlog\cl.command.1.tlog
c:\users\egimenez\desktop\enti\2ndosem\carlosproject\tootytooty\tootytootypointandshooty\socketlib\debug\socketlib.tlog\cl.read.1.tlog
c:\users\egimenez\desktop\enti\2ndosem\carlosproject\tootytooty\tootytootypointandshooty\socketlib\debug\socketlib.tlog\cl.write.1.tlog
c:\users\egimenez\desktop\enti\2ndosem\carlosproject\tootytooty\tootytootypointandshooty\socketlib\debug\socketlib.tlog\lib-link.read.1.tlog
c:\users\egimenez\desktop\enti\2ndosem\carlosproject\tootytooty\tootytootypointandshooty\socketlib\debug\socketlib.tlog\lib-link.write.1.tlog
c:\users\egimenez\desktop\enti\2ndosem\carlosproject\tootytooty\tootytootypointandshooty\socketlib\debug\socketlib.tlog\lib.command.1.tlog
