  Sprite.cpp
  SDLInterface.cpp
  PlayerMoveList.cpp
  PlayerMove.cpp
  NetworkClient.cpp
d:\enti\enti_3ero 2ndo sem\tootytooty\tootytooty\tootytootypointandshooty\simulamovimientoclient_bit\inputstatelist.h(34): warning C4018: '<': signed/unsigned mismatch
  Main.cpp
d:\enti\enti_3ero 2ndo sem\tootytooty\tootytooty\tootytootypointandshooty\simulamovimientoclient_bit\inputstatelist.h(34): warning C4018: '<': signed/unsigned mismatch
  LittleSquareClient.cpp
  InputManager.cpp
  Game.cpp
d:\enti\enti_3ero 2ndo sem\tootytooty\tootytooty\tootytootypointandshooty\simulamovimientoclient_bit\inputstatelist.h(34): warning C4018: '<': signed/unsigned mismatch
d:\enti\enti_3ero 2ndo sem\tootytooty\tootytooty\tootytootypointandshooty\simulamovimientoclient_bit\game.cpp(105): warning C4018: '<': signed/unsigned mismatch
d:\enti\enti_3ero 2ndo sem\tootytooty\tootytooty\tootytootypointandshooty\simulamovimientoclient_bit\game.cpp(156): warning C4244: 'initializing': conversion from 'double' to 'float', possible loss of data
d:\enti\enti_3ero 2ndo sem\tootytooty\tootytooty\tootytootypointandshooty\simulamovimientoclient_bit\game.cpp(281): warning C4244: 'initializing': conversion from 'double' to 'float', possible loss of data
d:\enti\enti_3ero 2ndo sem\tootytooty\tootytooty\tootytootypointandshooty\simulamovimientoclient_bit\game.cpp(284): warning C4244: '=': conversion from 'float' to 'int', possible loss of data
d:\enti\enti_3ero 2ndo sem\tootytooty\tootytooty\tootytootypointandshooty\simulamovimientoclient_bit\game.cpp(285): warning C4244: '=': conversion from 'float' to 'int', possible loss of data
d:\enti\enti_3ero 2ndo sem\tootytooty\tootytooty\tootytootypointandshooty\simulamovimientoclient_bit\game.cpp(305): warning C4018: '<': signed/unsigned mismatch
d:\enti\enti_3ero 2ndo sem\tootytooty\tootytooty\tootytootypointandshooty\simulamovimientoclient_bit\game.cpp(315): warning C4244: 'argument': conversion from 'float' to 'int', possible loss of data
  ErrorManagement.cpp
  Generating Code...
  SimulaMovimientoClient_Bit.vcxproj -> D:\ENTI\ENTI_3ero 2ndo Sem\TootyTooty\TootyTooty\TootyTootyPointAndShooty\Debug\SimulaMovimientoClient_Bit.exe
