d:\enti\enti_3ero 2ndo sem\tootytooty\tootytooty\tootytootypointandshooty\simulamovimientoclient_bit\debug\vc140.pdb
d:\enti\enti_3ero 2ndo sem\tootytooty\tootytooty\tootytootypointandshooty\simulamovimientoclient_bit\debug\vc140.idb
d:\enti\enti_3ero 2ndo sem\tootytooty\tootytooty\tootytootypointandshooty\simulamovimientoclient_bit\debug\errormanagement.obj
d:\enti\enti_3ero 2ndo sem\tootytooty\tootytooty\tootytootypointandshooty\simulamovimientoclient_bit\debug\game.obj
d:\enti\enti_3ero 2ndo sem\tootytooty\tootytooty\tootytootypointandshooty\simulamovimientoclient_bit\debug\inputmanager.obj
d:\enti\enti_3ero 2ndo sem\tootytooty\tootytooty\tootytootypointandshooty\simulamovimientoclient_bit\debug\littlesquareclient.obj
d:\enti\enti_3ero 2ndo sem\tootytooty\tootytooty\tootytootypointandshooty\simulamovimientoclient_bit\debug\main.obj
d:\enti\enti_3ero 2ndo sem\tootytooty\tootytooty\tootytootypointandshooty\simulamovimientoclient_bit\debug\networkclient.obj
d:\enti\enti_3ero 2ndo sem\tootytooty\tootytooty\tootytootypointandshooty\simulamovimientoclient_bit\debug\playermove.obj
d:\enti\enti_3ero 2ndo sem\tootytooty\tootytooty\tootytootypointandshooty\simulamovimientoclient_bit\debug\playermovelist.obj
d:\enti\enti_3ero 2ndo sem\tootytooty\tootytooty\tootytootypointandshooty\simulamovimientoclient_bit\debug\sdlinterface.obj
d:\enti\enti_3ero 2ndo sem\tootytooty\tootytooty\tootytootypointandshooty\simulamovimientoclient_bit\debug\sprite.obj
d:\enti\enti_3ero 2ndo sem\tootytooty\tootytooty\tootytootypointandshooty\debug\simulamovimientoclient_bit.ilk
d:\enti\enti_3ero 2ndo sem\tootytooty\tootytooty\tootytootypointandshooty\debug\simulamovimientoclient_bit.exe
d:\enti\enti_3ero 2ndo sem\tootytooty\tootytooty\tootytootypointandshooty\debug\simulamovimientoclient_bit.pdb
d:\enti\enti_3ero 2ndo sem\tootytooty\tootytooty\tootytootypointandshooty\simulamovimientoclient_bit\debug\simulamo.cf4a3f21.tlog\cl.command.1.tlog
d:\enti\enti_3ero 2ndo sem\tootytooty\tootytooty\tootytootypointandshooty\simulamovimientoclient_bit\debug\simulamo.cf4a3f21.tlog\cl.read.1.tlog
d:\enti\enti_3ero 2ndo sem\tootytooty\tootytooty\tootytootypointandshooty\simulamovimientoclient_bit\debug\simulamo.cf4a3f21.tlog\cl.write.1.tlog
d:\enti\enti_3ero 2ndo sem\tootytooty\tootytooty\tootytootypointandshooty\simulamovimientoclient_bit\debug\simulamo.cf4a3f21.tlog\link.command.1.tlog
d:\enti\enti_3ero 2ndo sem\tootytooty\tootytooty\tootytootypointandshooty\simulamovimientoclient_bit\debug\simulamo.cf4a3f21.tlog\link.read.1.tlog
d:\enti\enti_3ero 2ndo sem\tootytooty\tootytooty\tootytootypointandshooty\simulamovimientoclient_bit\debug\simulamo.cf4a3f21.tlog\link.write.1.tlog
