c:\users\egimenez\desktop\tootytooty\tootytootypointandshooty\simulamovimientoserver_bit\debug\vc140.pdb
c:\users\red\documents\github\tootytooty\tootytootypointandshooty\simulamovimientoserver_bit\debug\vc140.pdb
c:\users\red\documents\github\tootytooty\tootytootypointandshooty\simulamovimientoserver_bit\debug\vc140.idb
c:\users\red\documents\github\tootytooty\tootytootypointandshooty\simulamovimientoserver_bit\debug\clientproxy.obj
c:\users\red\documents\github\tootytooty\tootytootypointandshooty\simulamovimientoserver_bit\debug\mainserver.obj
c:\users\red\documents\github\tootytooty\tootytootypointandshooty\simulamovimientoserver_bit\debug\networkserver.obj
c:\users\red\documents\github\tootytooty\tootytootypointandshooty\simulamovimientoserver_bit\debug\playercommand.obj
c:\users\red\documents\github\tootytooty\tootytootypointandshooty\simulamovimientoserver_bit\debug\playercommandlist.obj
c:\users\egimenez\desktop\tootytooty\tootytootypointandshooty\debug\simulamovimientoserver_bit.ilk
c:\users\egimenez\desktop\tootytooty\tootytootypointandshooty\debug\simulamovimientoserver_bit.exe
c:\users\egimenez\desktop\tootytooty\tootytootypointandshooty\debug\simulamovimientoserver_bit.pdb
c:\users\red\documents\github\tootytooty\tootytootypointandshooty\debug\simulamovimientoserver_bit.ilk
c:\users\red\documents\github\tootytooty\tootytootypointandshooty\debug\simulamovimientoserver_bit.exe
c:\users\red\documents\github\tootytooty\tootytootypointandshooty\debug\simulamovimientoserver_bit.pdb
c:\users\red\documents\github\tootytooty\tootytootypointandshooty\simulamovimientoserver_bit\debug\simulamo.a24508d9.tlog\cl.command.1.tlog
c:\users\red\documents\github\tootytooty\tootytootypointandshooty\simulamovimientoserver_bit\debug\simulamo.a24508d9.tlog\cl.read.1.tlog
c:\users\red\documents\github\tootytooty\tootytootypointandshooty\simulamovimientoserver_bit\debug\simulamo.a24508d9.tlog\cl.write.1.tlog
c:\users\red\documents\github\tootytooty\tootytootypointandshooty\simulamovimientoserver_bit\debug\simulamo.a24508d9.tlog\link.command.1.tlog
c:\users\red\documents\github\tootytooty\tootytootypointandshooty\simulamovimientoserver_bit\debug\simulamo.a24508d9.tlog\link.read.1.tlog
c:\users\red\documents\github\tootytooty\tootytootypointandshooty\simulamovimientoserver_bit\debug\simulamo.a24508d9.tlog\link.write.1.tlog
